#
# A fatal error has been detected by the Java Runtime Environment:
#
#  SIGSEGV (0xb) at pc=0x000000010e142bb0, pid=63306, tid=0x0000000000000307
#
# JRE version: Java(TM) SE Runtime Environment (8.0_112-b16) (build 1.8.0_112-b16)
# Java VM: Java HotSpot(TM) 64-Bit Server VM (25.112-b16 mixed mode bsd-amd64 compressed oops)
# Problematic frame:
# V  [libjvm.dylib+0x342bb0]  JNIHandles::is_local_handle(Thread*, _jobject*)+0x36
#
# Failed to write core dump. Core dumps have been disabled. To enable core dumping, try "ulimit -c unlimited" before starting Java again
#
# If you would like to submit a bug report, please visit:
#   http://bugreport.java.com/bugreport/crash.jsp
#

---------------  T H R E A D  ---------------

Current thread is native thread

siginfo: si_signo: 11 (SIGSEGV), si_code: 1 (SEGV_MAPERR), si_addr: 0x0000000000000038

Registers:
RAX=0x0000000000000000, RBX=0x00007fbb0f108a58, RCX=0x0000000000000000, RDX=0x00000000000ad1c0
RSP=0x00007ffee2eeda20, RBP=0x00007ffee2eeda20, RSI=0x00007fbb0f108a58, RDI=0x0000000000000038
R8 =0x0000000000000007, R9 =0x00007fbb0b1bd9e0, R10=0x0000000000000008, R11=0x0000000000000008
R12=0x00000001416d2030, R13=0x0000000000000000, R14=0x00007fbb0c1df1f8, R15=0x0000000000000000
RIP=0x000000010e142bb0, EFLAGS=0x0000000000010202, ERR=0x0000000000000004
  TRAPNO=0x000000000000000e

Top of Stack: (sp=0x00007ffee2eeda20)
0x00007ffee2eeda20:   00007ffee2eeda50 000000010e1237b6
0x00007ffee2eeda30:   00007fbb0b112a90 00000001417b6918
0x00007ffee2eeda40:   00000001417b6918 00000001416d23a8
0x00007ffee2eeda50:   00007ffee2eeda70 000000013351762a
0x00007ffee2eeda60:   0000000000000000 00007fbb0f16b880
0x00007ffee2eeda70:   00007ffee2eeda90 00000001335179c2
0x00007ffee2eeda80:   00007fbb0f16b880 0000000000000000
0x00007ffee2eeda90:   00007ffee2eedab0 000000013351795e
0x00007ffee2eedaa0:   0000000133f00f30 00000001416d23d8
0x00007ffee2eedab0:   00007ffee2eedad0 00000001339b22fe
0x00007ffee2eedac0:   0000000133f92bc0 00000000000003a8
0x00007ffee2eedad0:   00007ffee2eedb20 00000001339c2337
0x00007ffee2eedae0:   00007ffee2eedb00 00000001416d2000
0x00007ffee2eedaf0:   0000000134b80720 00000001416d2000
0x00007ffee2eedb00:   0000000134bde0e0 00007fbb0b1848a8
0x00007ffee2eedb10:   000000013483c0c8 0000000000000000
0x00007ffee2eedb20:   00007ffee2eedb50 00000001339c264f
0x00007ffee2eedb30:   0000000000000001 000000013483c000
0x00007ffee2eedb40:   0000000000000000 0000000134819100
0x00007ffee2eedb50:   00007ffee2eedb70 00000001339bbd19
0x00007ffee2eedb60:   000000013483c000 0000000134bf63f0
0x00007ffee2eedb70:   00007ffee2eedba0 00000001339b9690
0x00007ffee2eedb80:   0000000000000001 0000000134bf63f0
0x00007ffee2eedb90:   0000000134819100 00007ffee2eedbd8
0x00007ffee2eedba0:   00007ffee2eedbc0 00000001339b95a8
0x00007ffee2eedbb0:   41227e01bc426d2f 0000000134bf63f0
0x00007ffee2eedbc0:   00007ffee2eedc00 00000001339b7aba
0x00007ffee2eedbd0:   00007ffee2eedc10 0000000134819100
0x00007ffee2eedbe0:   0000000134bde0e0 00000001339b7a10
0x00007ffee2eedbf0:   00007fbb0b184890 00007fbb09d002c0
0x00007ffee2eedc00:   00007ffee2eedc10 00007fff2d97ac55
0x00007ffee2eedc10:   00007ffee2eeecc0 00007fff2d97a808 

Instructions: (pc=0x000000010e142bb0)
0x000000010e142b90:   00 01 00 00 48 8d 0c c8 48 39 f1 77 e7 48 8b 80
0x000000010e142ba0:   08 01 00 00 48 85 c0 75 df 48 81 c7 18 01 00 00
0x000000010e142bb0:   48 8b 3f 48 85 ff 74 05 48 89 f8 eb e7 30 c0 0f
0x000000010e142bc0:   b6 c0 5d c3 55 48 89 e5 48 8b 8f 08 01 00 00 48 

Register to memory mapping:

RAX=0x0000000000000000 is an unknown value
RBX=0x00007fbb0f108a58 is a global jni handle
RCX=0x0000000000000000 is an unknown value
RDX=0x00000000000ad1c0 is an unknown value
RSP=0x00007ffee2eeda20 is an unknown value
RBP=0x00007ffee2eeda20 is an unknown value
RSI=0x00007fbb0f108a58 is a global jni handle
RDI=0x0000000000000038 is an unknown value
R8 =0x0000000000000007 is an unknown value
R9 =0x00007fbb0b1bd9e0 is an unknown value
R10=0x0000000000000008 is an unknown value
R11=0x0000000000000008 is an unknown value
R12=0x00000001416d2030 is an unknown value
R13=0x0000000000000000 is an unknown value
R14=0x00007fbb0c1df1f8 is an unknown value
R15=0x0000000000000000 is an unknown value


Stack: [0x00007ffee26f2000,0x00007ffee2ef2000],  sp=0x00007ffee2eeda20,  free space=8174k
Native frames: (J=compiled Java code, j=interpreted, Vv=VM code, C=native code)
V  [libjvm.dylib+0x342bb0]  JNIHandles::is_local_handle(Thread*, _jobject*)+0x36
V  [libjvm.dylib+0x3237b6]  jni_GetObjectRefType+0x34
C  [libjfxwebkit.dylib+0x96862a]  JSC::Bindings::JobjectWrapper::~JobjectWrapper()+0x1a
C  [libjfxwebkit.dylib+0x9689c2]  JSC::Bindings::JavaArray::~JavaArray()+0x42
C  [libjfxwebkit.dylib+0x96895e]  JSC::Bindings::JavaArray::~JavaArray()+0xe
C  [libjfxwebkit.dylib+0xe032fe]  JSC::Heap::FinalizerOwner::finalize(JSC::Handle<JSC::Unknown>, void*)+0xe
C  [libjfxwebkit.dylib+0xe13337]  JSC::WeakBlock::sweep()+0x77
C  [libjfxwebkit.dylib+0xe1364f]  JSC::WeakSet::sweep()+0x2f
C  [libjfxwebkit.dylib+0xe0cd19]  JSC::MarkedBlock::sweep(JSC::MarkedBlock::SweepMode)+0x19
C  [libjfxwebkit.dylib+0xe0a690]  JSC::IncrementalSweeper::sweepNextBlock()+0x60
C  [libjfxwebkit.dylib+0xe0a5a8]  JSC::IncrementalSweeper::doSweep(double)+0x18
C  [libjfxwebkit.dylib+0xe08aba]  JSC::HeapTimer::timerDidFire(__CFRunLoopTimer*, void*)+0xaa
C  [CoreFoundation+0x5ac55]  __CFRUNLOOP_IS_CALLING_OUT_TO_A_TIMER_CALLBACK_FUNCTION__+0x14
C  [CoreFoundation+0x5a808]  __CFRunLoopDoTimer+0x367
C  [CoreFoundation+0x5a33d]  __CFRunLoopDoTimers+0x14d
C  [CoreFoundation+0x3b8d8]  __CFRunLoopRun+0x88b
C  [CoreFoundation+0x3adfa]  CFRunLoopRunSpecific+0x1d3
C  [java+0x6465]  CreateExecutionEnvironment+0x367
C  [java+0x218c]  JLI_Launch+0x7a0
C  [java+0x84c2]  main+0x65
C  [java+0x19e4]  start+0x34


---------------  P R O C E S S  ---------------

VM state:at safepoint (normal execution)

VM Mutex/Monitor currently owned by a thread:  ([mutex/lock_event])
[0x00007fbb09c11fc0] Threads_lock - owner thread: 0x00007fbb0d001000

Heap:
 PSYoungGen      total 76288K, used 53237K [0x000000076ab00000, 0x0000000774000000, 0x00000007c0000000)
  eden space 65536K, 81% used [0x000000076ab00000,0x000000076defd520,0x000000076eb00000)
  from space 10752K, 0% used [0x000000076eb00000,0x000000076eb00000,0x000000076f580000)
  to   space 10752K, 0% used [0x0000000773580000,0x0000000773580000,0x0000000774000000)
 ParOldGen       total 97792K, used 13789K [0x00000006c0000000, 0x00000006c5f80000, 0x000000076ab00000)
  object space 97792K, 14% used [0x00000006c0000000,0x00000006c0d77568,0x00000006c5f80000)
 Metaspace       used 22747K, capacity 23945K, committed 24188K, reserved 1071104K
  class space    used 2934K, capacity 3183K, committed 3196K, reserved 1048576K

Card table byte_map: [0x000000010f1a2000,0x000000010f9a3000] byte_map_base: 0x000000010bba2000

Marking Bits: (ParMarkBitMap*) 0x000000010e6f0d30
 Begin Bits: [0x000000010fef9000, 0x0000000113ef9000)
 End Bits:   [0x0000000113ef9000, 0x0000000117ef9000)

Polling page: 0x000000010cd80000

CodeCache: size=245760Kb used=9134Kb max_used=9134Kb free=236625Kb
 bounds [0x000000011957f000, 0x0000000119e6f000, 0x000000012857f000]
 total_blobs=3568 nmethods=2787 adapters=693
 compilation: enabled

Compilation events (10 events):
Event: 5.201 Thread 0x00007fbb0a0ff000 2784       3       javafx.application.Platform::runLater (5 bytes)
Event: 5.201 Thread 0x00007fbb0a0ff000 nmethod 2784 0x0000000119e6ae50 code [0x0000000119e6afc0, 0x0000000119e6b188]
Event: 5.351 Thread 0x00007fbb0a0ff000 2785       3       javafx.scene.Scene$MouseHandler::updateCursorFrame (61 bytes)
Event: 5.352 Thread 0x00007fbb0a0ff000 nmethod 2785 0x0000000119e6b250 code [0x0000000119e6b3e0, 0x0000000119e6b838]
Event: 5.651 Thread 0x00007fbb0a0ff000 2786       3       java.util.concurrent.locks.AbstractQueuedSynchronizer$ConditionObject::await (98 bytes)
Event: 5.652 Thread 0x00007fbb0a0ff000 nmethod 2786 0x0000000119e6b990 code [0x0000000119e6bc40, 0x0000000119e6ce28]
Event: 5.702 Thread 0x00007fbb0a0ff000 2787       3       java.util.logging.LogManager$LoggerContext::ensureDefaultLogger (70 bytes)
Event: 5.703 Thread 0x00007fbb0a0ff000 nmethod 2787 0x0000000119e6d650 code [0x0000000119e6d820, 0x0000000119e6e0c8]
Event: 5.703 Thread 0x00007fbb0a0ff000 2788  s    3       java.util.Hashtable::containsKey (65 bytes)
Event: 5.703 Thread 0x00007fbb0a0ff000 nmethod 2788 0x0000000119e6e310 code [0x0000000119e6e4c0, 0x0000000119e6eaf8]

GC Heap History (8 events):
Event: 2.057 GC heap before
{Heap before GC invocations=1 (full 0):
 PSYoungGen      total 76288K, used 65536K [0x000000076ab00000, 0x0000000770000000, 0x00000007c0000000)
  eden space 65536K, 100% used [0x000000076ab00000,0x000000076eb00000,0x000000076eb00000)
  from space 10752K, 0% used [0x000000076f580000,0x000000076f580000,0x0000000770000000)
  to   space 10752K, 0% used [0x000000076eb00000,0x000000076eb00000,0x000000076f580000)
 ParOldGen       total 175104K, used 0K [0x00000006c0000000, 0x00000006cab00000, 0x000000076ab00000)
  object space 175104K, 0% used [0x00000006c0000000,0x00000006c0000000,0x00000006cab00000)
 Metaspace       used 17177K, capacity 18278K, committed 18432K, reserved 1064960K
  class space    used 2330K, capacity 2541K, committed 2560K, reserved 1048576K
Event: 2.065 GC heap after
Heap after GC invocations=1 (full 0):
 PSYoungGen      total 76288K, used 6450K [0x000000076ab00000, 0x0000000770000000, 0x00000007c0000000)
  eden space 65536K, 0% used [0x000000076ab00000,0x000000076ab00000,0x000000076eb00000)
  from space 10752K, 59% used [0x000000076eb00000,0x000000076f14ca90,0x000000076f580000)
  to   space 10752K, 0% used [0x000000076f580000,0x000000076f580000,0x0000000770000000)
 ParOldGen       total 175104K, used 24K [0x00000006c0000000, 0x00000006cab00000, 0x000000076ab00000)
  object space 175104K, 0% used [0x00000006c0000000,0x00000006c0006000,0x00000006cab00000)
 Metaspace       used 17177K, capacity 18278K, committed 18432K, reserved 1064960K
  class space    used 2330K, capacity 2541K, committed 2560K, reserved 1048576K
}
Event: 2.403 GC heap before
{Heap before GC invocations=2 (full 0):
 PSYoungGen      total 76288K, used 30796K [0x000000076ab00000, 0x0000000770000000, 0x00000007c0000000)
  eden space 65536K, 37% used [0x000000076ab00000,0x000000076c2c6660,0x000000076eb00000)
  from space 10752K, 59% used [0x000000076eb00000,0x000000076f14ca90,0x000000076f580000)
  to   space 10752K, 0% used [0x000000076f580000,0x000000076f580000,0x0000000770000000)
 ParOldGen       total 175104K, used 24K [0x00000006c0000000, 0x00000006cab00000, 0x000000076ab00000)
  object space 175104K, 0% used [0x00000006c0000000,0x00000006c0006000,0x00000006cab00000)
 Metaspace       used 20617K, capacity 21693K, committed 21884K, reserved 1069056K
  class space    used 2689K, capacity 2877K, committed 2940K, reserved 1048576K
Event: 2.415 GC heap after
Heap after GC invocations=2 (full 0):
 PSYoungGen      total 76288K, used 10732K [0x000000076ab00000, 0x0000000774000000, 0x00000007c0000000)
  eden space 65536K, 0% used [0x000000076ab00000,0x000000076ab00000,0x000000076eb00000)
  from space 10752K, 99% used [0x000000076f580000,0x000000076fffb070,0x0000000770000000)
  to   space 10752K, 0% used [0x000000076eb00000,0x000000076eb00000,0x000000076f580000)
 ParOldGen       total 175104K, used 7887K [0x00000006c0000000, 0x00000006cab00000, 0x000000076ab00000)
  object space 175104K, 4% used [0x00000006c0000000,0x00000006c07b3d50,0x00000006cab00000)
 Metaspace       used 20617K, capacity 21693K, committed 21884K, reserved 1069056K
  class space    used 2689K, capacity 2877K, committed 2940K, reserved 1048576K
}
Event: 2.460 GC heap before
{Heap before GC invocations=3 (full 0):
 PSYoungGen      total 76288K, used 17629K [0x000000076ab00000, 0x0000000774000000, 0x00000007c0000000)
  eden space 65536K, 10% used [0x000000076ab00000,0x000000076b1bc4d0,0x000000076eb00000)
  from space 10752K, 99% used [0x000000076f580000,0x000000076fffb070,0x0000000770000000)
  to   space 10752K, 0% used [0x000000076eb00000,0x000000076eb00000,0x000000076f580000)
 ParOldGen       total 175104K, used 7887K [0x00000006c0000000, 0x00000006cab00000, 0x000000076ab00000)
  object space 175104K, 4% used [0x00000006c0000000,0x00000006c07b3d50,0x00000006cab00000)
 Metaspace       used 20767K, capacity 21861K, committed 21960K, reserved 1069056K
  class space    used 2703K, capacity 2911K, committed 2940K, reserved 1048576K
Event: 2.468 GC heap after
Heap after GC invocations=3 (full 0):
 PSYoungGen      total 76288K, used 10729K [0x000000076ab00000, 0x0000000774000000, 0x00000007c0000000)
  eden space 65536K, 0% used [0x000000076ab00000,0x000000076ab00000,0x000000076eb00000)
  from space 10752K, 99% used [0x000000076eb00000,0x000000076f57a4f0,0x000000076f580000)
  to   space 10752K, 0% used [0x0000000773580000,0x0000000773580000,0x0000000774000000)
 ParOldGen       total 175104K, used 12300K [0x00000006c0000000, 0x00000006cab00000, 0x000000076ab00000)
  object space 175104K, 7% used [0x00000006c0000000,0x00000006c0c033d0,0x00000006cab00000)
 Metaspace       used 20767K, capacity 21861K, committed 21960K, reserved 1069056K
  class space    used 2703K, capacity 2911K, committed 2940K, reserved 1048576K
}
Event: 2.468 GC heap before
{Heap before GC invocations=4 (full 1):
 PSYoungGen      total 76288K, used 10729K [0x000000076ab00000, 0x0000000774000000, 0x00000007c0000000)
  eden space 65536K, 0% used [0x000000076ab00000,0x000000076ab00000,0x000000076eb00000)
  from space 10752K, 99% used [0x000000076eb00000,0x000000076f57a4f0,0x000000076f580000)
  to   space 10752K, 0% used [0x0000000773580000,0x0000000773580000,0x0000000774000000)
 ParOldGen       total 175104K, used 12300K [0x00000006c0000000, 0x00000006cab00000, 0x000000076ab00000)
  object space 175104K, 7% used [0x00000006c0000000,0x00000006c0c033d0,0x00000006cab00000)
 Metaspace       used 20767K, capacity 21861K, committed 21960K, reserved 1069056K
  class space    used 2703K, capacity 2911K, committed 2940K, reserved 1048576K
Event: 2.494 GC heap after
Heap after GC invocations=4 (full 1):
 PSYoungGen      total 76288K, used 0K [0x000000076ab00000, 0x0000000774000000, 0x00000007c0000000)
  eden space 65536K, 0% used [0x000000076ab00000,0x000000076ab00000,0x000000076eb00000)
  from space 10752K, 0% used [0x000000076eb00000,0x000000076eb00000,0x000000076f580000)
  to   space 10752K, 0% used [0x0000000773580000,0x0000000773580000,0x0000000774000000)
 ParOldGen       total 97792K, used 13789K [0x00000006c0000000, 0x00000006c5f80000, 0x000000076ab00000)
  object space 97792K, 14% used [0x00000006c0000000,0x00000006c0d77568,0x00000006c5f80000)
 Metaspace       used 20767K, capacity 21861K, committed 21960K, reserved 1069056K
  class space    used 2703K, capacity 2911K, committed 2940K, reserved 1048576K
}

Deoptimization events (10 events):
Event: 2.312 Thread 0x00007fbb0a342000 Uncommon trap: reason=class_check action=maybe_recompile pc=0x0000000119a23018 method=java.io.DataInputStream.readChar()C @ 4
Event: 2.322 Thread 0x00007fbb0a342000 Uncommon trap: reason=bimorphic action=maybe_recompile pc=0x0000000119bb8530 method=java.io.DataInputStream.readChar()C @ 4
Event: 2.322 Thread 0x00007fbb0a342000 Uncommon trap: reason=bimorphic action=maybe_recompile pc=0x0000000119bb8530 method=java.io.DataInputStream.readChar()C @ 4
Event: 2.322 Thread 0x00007fbb0a342000 Uncommon trap: reason=bimorphic action=maybe_recompile pc=0x0000000119bb8530 method=java.io.DataInputStream.readChar()C @ 4
Event: 2.322 Thread 0x00007fbb0a342000 Uncommon trap: reason=bimorphic action=maybe_recompile pc=0x0000000119bb8530 method=java.io.DataInputStream.readChar()C @ 4
Event: 2.354 Thread 0x00007fbb0a342000 Uncommon trap: reason=unstable_if action=reinterpret pc=0x0000000119aac9e4 method=java.lang.String.indexOf([CII[CIII)I @ 27
Event: 2.831 Thread 0x00007fbb0c1df000 Uncommon trap: reason=unstable_if action=reinterpret pc=0x0000000119cd881c method=sl.org.objectweb.asm.Item.a(Lsl/org/objectweb/asm/Item;)Z @ 345
Event: 2.840 Thread 0x00007fbb0c1df000 Uncommon trap: reason=unstable_if action=reinterpret pc=0x0000000119cdde8c method=sl.org.objectweb.asm.Type.getArgumentsAndReturnSizes(Ljava/lang/String;)I @ 47
Event: 2.911 Thread 0x00007fbb0c1df000 Uncommon trap: reason=bimorphic action=maybe_recompile pc=0x0000000119b3851c method=java.util.regex.Pattern$BmpCharProperty.match(Ljava/util/regex/Matcher;ILjava/lang/CharSequence;)Z @ 16
Event: 2.911 Thread 0x00007fbb0c1df000 Uncommon trap: reason=bimorphic action=maybe_recompile pc=0x0000000119b3851c method=java.util.regex.Pattern$BmpCharProperty.match(Ljava/util/regex/Matcher;ILjava/lang/CharSequence;)Z @ 16

Internal exceptions (10 events):
Event: 1.118 Thread 0x00007fbb0c1df000 Implicit null exception at 0x00000001198b6933 to 0x00000001198b6d49
Event: 1.135 Thread 0x00007fbb0a35f800 Implicit null exception at 0x00000001197c63b6 to 0x00000001197c677d
Event: 2.589 Thread 0x00007fbb0c1df000 Exception <a 'java/io/FileNotFoundException'> (0x000000076ac8c168) thrown at [/Users/java_re/workspace/8-2-build-macosx-x86_64/jdk8u112/7935/hotspot/src/share/vm/prims/jni.cpp, line 709]
Event: 2.884 Thread 0x00007fbb0c1df000 Exception <a 'java/lang/IllegalArgumentException': Argument is not an array> (0x000000076d4d4690) thrown at [/Users/java_re/workspace/8-2-build-macosx-x86_64/jdk8u112/7935/hotspot/src/share/vm/prims/jvm.cpp, line 3737]
Event: 2.886 Thread 0x00007fbb0c1df000 Exception <a 'java/lang/IllegalArgumentException': Argument is not an array> (0x000000076d4e8b18) thrown at [/Users/java_re/workspace/8-2-build-macosx-x86_64/jdk8u112/7935/hotspot/src/share/vm/prims/jvm.cpp, line 3737]
Event: 2.888 Thread 0x00007fbb0c1df000 Exception <a 'java/lang/IllegalArgumentException': Argument is not an array> (0x000000076d4e9278) thrown at [/Users/java_re/workspace/8-2-build-macosx-x86_64/jdk8u112/7935/hotspot/src/share/vm/prims/jvm.cpp, line 3737]
Event: 2.888 Thread 0x00007fbb0c1df000 Exception <a 'java/lang/IllegalArgumentException': Argument is not an array> (0x000000076d4e9e88) thrown at [/Users/java_re/workspace/8-2-build-macosx-x86_64/jdk8u112/7935/hotspot/src/share/vm/prims/jvm.cpp, line 3737]
Event: 2.903 Thread 0x00007fbb0c1df000 Exception <a 'netscape/javascript/JSException'> (0x000000076d4efd50) thrown at [/Users/java_re/workspace/8-2-build-macosx-x86_64/jdk8u112/7935/hotspot/src/share/vm/prims/jni.cpp, line 709]
Event: 2.905 Thread 0x00007fbb0c1df000 Exception <a 'java/lang/reflect/InvocationTargetException'> (0x000000076d502f30) thrown at [/Users/java_re/workspace/8-2-build-macosx-x86_64/jdk8u112/7935/hotspot/src/share/vm/runtime/reflection.cpp, line 1092]
Event: 5.703 Thread 0x00007fbb1213f800 Exception <a 'java/lang/IllegalStateException'> (0x000000076de299f8) thrown at [/Users/java_re/workspace/8-2-build-macosx-x86_64/jdk8u112/7935/hotspot/src/share/vm/prims/jvm.cpp, line 1394]

Events (10 events):
Event: 5.702 loading class com/sun/javafx/font/PrismFontFile done
Event: 5.702 loading class com/sun/javafx/tk/quantum/QuantumToolkit
Event: 5.702 loading class com/sun/javafx/tk/quantum/QuantumToolkit done
Event: 5.702 Thread 0x00007fbb0c10d800 Thread exited: 0x00007fbb0c10d800
Event: 5.702 Thread 0x00007fbb0a8be000 Thread exited: 0x00007fbb0a8be000
Event: 5.703 Thread 0x00007fbb1213f800 Thread exited: 0x00007fbb1213f800
Event: 5.703 Thread 0x00007fbb10ab0000 Thread exited: 0x00007fbb10ab0000
Event: 5.703 Thread 0x00007fbb0c1df000 Thread exited: 0x00007fbb0c1df000
Event: 5.703 Thread 0x00007fbb10aa3000 Thread exited: 0x00007fbb10aa3000
Event: 5.704 Executing VM operation: Exit


Dynamic libraries:
0x00000000024af000 	/System/Library/Frameworks/Cocoa.framework/Versions/A/Cocoa
0x00000000024af000 	/System/Library/Frameworks/Security.framework/Versions/A/Security
0x00000000024af000 	/System/Library/Frameworks/ApplicationServices.framework/Versions/A/ApplicationServices
0x00000000024af000 	/usr/lib/libz.1.dylib
0x00000000024af000 	/usr/lib/libSystem.B.dylib
0x00000000024af000 	/usr/lib/libobjc.A.dylib
0x00000000024af000 	/System/Library/Frameworks/CoreFoundation.framework/Versions/A/CoreFoundation
0x00000000024af000 	/System/Library/Frameworks/Foundation.framework/Versions/C/Foundation
0x00000000024af000 	/System/Library/Frameworks/AppKit.framework/Versions/C/AppKit
0x00000000024af000 	/System/Library/Frameworks/CoreData.framework/Versions/A/CoreData
0x00000000024af000 	/System/Library/PrivateFrameworks/RemoteViewServices.framework/Versions/A/RemoteViewServices
0x00000000024af000 	/System/Library/PrivateFrameworks/UIFoundation.framework/Versions/A/UIFoundation
0x00000000024af000 	/System/Library/PrivateFrameworks/XCTTargetBootstrap.framework/Versions/A/XCTTargetBootstrap
0x00000000024af000 	/System/Library/PrivateFrameworks/IconServices.framework/Versions/A/IconServices
0x00000000024af000 	/System/Library/Frameworks/Metal.framework/Versions/A/Metal
0x00000000024af000 	/System/Library/PrivateFrameworks/DesktopServicesPriv.framework/Versions/A/DesktopServicesPriv
0x00000000024af000 	/usr/lib/libenergytrace.dylib
0x00000000024af000 	/System/Library/PrivateFrameworks/SkyLight.framework/Versions/A/SkyLight
0x00000000024af000 	/System/Library/Frameworks/CoreGraphics.framework/Versions/A/CoreGraphics
0x00000000024af000 	/System/Library/Frameworks/Accelerate.framework/Versions/A/Accelerate
0x00000000024af000 	/System/Library/Frameworks/IOSurface.framework/Versions/A/IOSurface
0x00000000024af000 	/System/Library/PrivateFrameworks/DFRFoundation.framework/Versions/A/DFRFoundation
0x00000000024af000 	/System/Library/Frameworks/AudioToolbox.framework/Versions/A/AudioToolbox
0x00000000024af000 	/System/Library/Frameworks/AudioUnit.framework/Versions/A/AudioUnit
0x00000000024af000 	/System/Library/PrivateFrameworks/DataDetectorsCore.framework/Versions/A/DataDetectorsCore
0x00000000024af000 	/System/Library/Frameworks/Carbon.framework/Versions/A/Frameworks/HIToolbox.framework/Versions/A/HIToolbox
0x00000000024af000 	/usr/lib/libicucore.A.dylib
0x00000000024af000 	/System/Library/Frameworks/QuartzCore.framework/Versions/A/QuartzCore
0x00000000024af000 	/System/Library/Frameworks/Carbon.framework/Versions/A/Frameworks/SpeechRecognition.framework/Versions/A/SpeechRecognition
0x00000000024af000 	/usr/lib/libauto.dylib
0x00000000024af000 	/usr/lib/libxml2.2.dylib
0x00000000024af000 	/System/Library/PrivateFrameworks/CoreUI.framework/Versions/A/CoreUI
0x00000000024af000 	/System/Library/Frameworks/CoreAudio.framework/Versions/A/CoreAudio
0x00000000024af000 	/System/Library/Frameworks/DiskArbitration.framework/Versions/A/DiskArbitration
0x00000000024af000 	/usr/lib/liblangid.dylib
0x00000000024af000 	/System/Library/PrivateFrameworks/MultitouchSupport.framework/Versions/A/MultitouchSupport
0x00000000024af000 	/System/Library/Frameworks/IOKit.framework/Versions/A/IOKit
0x00000000024af000 	/usr/lib/libDiagnosticMessagesClient.dylib
0x00000000024af000 	/System/Library/Frameworks/CoreServices.framework/Versions/A/CoreServices
0x00000000024af000 	/System/Library/PrivateFrameworks/PerformanceAnalysis.framework/Versions/A/PerformanceAnalysis
0x00000000024af000 	/System/Library/Frameworks/OpenGL.framework/Versions/A/OpenGL
0x00000000024af000 	/System/Library/Frameworks/ColorSync.framework/Versions/A/ColorSync
0x00000000024af000 	/System/Library/Frameworks/CoreImage.framework/Versions/A/CoreImage
0x00000000024af000 	/System/Library/Frameworks/CoreText.framework/Versions/A/CoreText
0x00000000024af000 	/System/Library/Frameworks/ImageIO.framework/Versions/A/ImageIO
0x00000000024af000 	/System/Library/PrivateFrameworks/Backup.framework/Versions/A/Backup
0x00000000024af000 	/usr/lib/libarchive.2.dylib
0x00000000024af000 	/System/Library/Frameworks/CFNetwork.framework/Versions/A/CFNetwork
0x00000000024af000 	/System/Library/Frameworks/SystemConfiguration.framework/Versions/A/SystemConfiguration
0x00000000024af000 	/usr/lib/libCRFSuite.dylib
0x00000000024af000 	/usr/lib/libc++.1.dylib
0x00000000024af000 	/usr/lib/libc++abi.dylib
0x00000000024af000 	/usr/lib/system/libcache.dylib
0x00000000024af000 	/usr/lib/system/libcommonCrypto.dylib
0x00000000024af000 	/usr/lib/system/libcompiler_rt.dylib
0x00000000024af000 	/usr/lib/system/libcopyfile.dylib
0x00000000024af000 	/usr/lib/system/libcorecrypto.dylib
0x00000000024af000 	/usr/lib/system/libdispatch.dylib
0x00000000024af000 	/usr/lib/system/libdyld.dylib
0x00000000024af000 	/usr/lib/system/libkeymgr.dylib
0x00000000024af000 	/usr/lib/system/liblaunch.dylib
0x00000000024af000 	/usr/lib/system/libmacho.dylib
0x00000000024af000 	/usr/lib/system/libquarantine.dylib
0x00000000024af000 	/usr/lib/system/libremovefile.dylib
0x00000000024af000 	/usr/lib/system/libsystem_asl.dylib
0x00000000024af000 	/usr/lib/system/libsystem_blocks.dylib
0x00000000024af000 	/usr/lib/system/libsystem_c.dylib
0x00000000024af000 	/usr/lib/system/libsystem_configuration.dylib
0x00000000024af000 	/usr/lib/system/libsystem_coreservices.dylib
0x00000000024af000 	/usr/lib/system/libsystem_darwin.dylib
0x00000000024af000 	/usr/lib/system/libsystem_dnssd.dylib
0x00000000024af000 	/usr/lib/system/libsystem_info.dylib
0x00000000024af000 	/usr/lib/system/libsystem_m.dylib
0x00000000024af000 	/usr/lib/system/libsystem_malloc.dylib
0x00000000024af000 	/usr/lib/system/libsystem_networkextension.dylib
0x00000000024af000 	/usr/lib/system/libsystem_notify.dylib
0x00000000024af000 	/usr/lib/system/libsystem_sandbox.dylib
0x00000000024af000 	/usr/lib/system/libsystem_secinit.dylib
0x00000000024af000 	/usr/lib/system/libsystem_kernel.dylib
0x00000000024af000 	/usr/lib/system/libsystem_platform.dylib
0x00000000024af000 	/usr/lib/system/libsystem_pthread.dylib
0x00000000024af000 	/usr/lib/system/libsystem_symptoms.dylib
0x00000000024af000 	/usr/lib/system/libsystem_trace.dylib
0x00000000024af000 	/usr/lib/system/libunwind.dylib
0x00000000024af000 	/usr/lib/system/libxpc.dylib
0x00000000024af000 	/usr/lib/libbsm.0.dylib
0x00000000024af000 	/usr/lib/system/libkxld.dylib
0x00000000024af000 	/System/Library/PrivateFrameworks/AppleFSCompression.framework/Versions/A/AppleFSCompression
0x00000000024af000 	/usr/lib/libOpenScriptingUtil.dylib
0x00000000024af000 	/usr/lib/libcoretls.dylib
0x00000000024af000 	/usr/lib/libcoretls_cfhelpers.dylib
0x00000000024af000 	/usr/lib/libpam.2.dylib
0x00000000024af000 	/usr/lib/libsqlite3.dylib
0x00000000024af000 	/usr/lib/libxar.1.dylib
0x00000000024af000 	/usr/lib/libbz2.1.0.dylib
0x00000000024af000 	/usr/lib/liblzma.5.dylib
0x00000000024af000 	/usr/lib/libnetwork.dylib
0x00000000024af000 	/usr/lib/libapple_nghttp2.dylib
0x00000000024af000 	/usr/lib/libpcap.A.dylib
0x00000000024af000 	/System/Library/Frameworks/CoreServices.framework/Versions/A/Frameworks/FSEvents.framework/Versions/A/FSEvents
0x00000000024af000 	/System/Library/Frameworks/CoreServices.framework/Versions/A/Frameworks/CarbonCore.framework/Versions/A/CarbonCore
0x00000000024af000 	/System/Library/Frameworks/CoreServices.framework/Versions/A/Frameworks/Metadata.framework/Versions/A/Metadata
0x00000000024af000 	/System/Library/Frameworks/CoreServices.framework/Versions/A/Frameworks/OSServices.framework/Versions/A/OSServices
0x00000000024af000 	/System/Library/Frameworks/CoreServices.framework/Versions/A/Frameworks/SearchKit.framework/Versions/A/SearchKit
0x00000000024af000 	/System/Library/Frameworks/CoreServices.framework/Versions/A/Frameworks/AE.framework/Versions/A/AE
0x00000000024af000 	/System/Library/Frameworks/CoreServices.framework/Versions/A/Frameworks/LaunchServices.framework/Versions/A/LaunchServices
0x00000000024af000 	/System/Library/Frameworks/CoreServices.framework/Versions/A/Frameworks/DictionaryServices.framework/Versions/A/DictionaryServices
0x00000000024af000 	/System/Library/Frameworks/CoreServices.framework/Versions/A/Frameworks/SharedFileList.framework/Versions/A/SharedFileList
0x00000000024af000 	/System/Library/Frameworks/NetFS.framework/Versions/A/NetFS
0x00000000024af000 	/System/Library/PrivateFrameworks/NetAuth.framework/Versions/A/NetAuth
0x00000000024af000 	/System/Library/PrivateFrameworks/login.framework/Versions/A/Frameworks/loginsupport.framework/Versions/A/loginsupport
0x00000000024af000 	/System/Library/PrivateFrameworks/TCC.framework/Versions/A/TCC
0x00000000024af000 	/System/Library/PrivateFrameworks/CoreNLP.framework/Versions/A/CoreNLP
0x00000000024af000 	/System/Library/PrivateFrameworks/MetadataUtilities.framework/Versions/A/MetadataUtilities
0x00000000024af000 	/usr/lib/libmecabra.dylib
0x00000000024af000 	/System/Library/Frameworks/ApplicationServices.framework/Versions/A/Frameworks/ATS.framework/Versions/A/ATS
0x00000000024af000 	/System/Library/Frameworks/ApplicationServices.framework/Versions/A/Frameworks/ColorSyncLegacy.framework/Versions/A/ColorSyncLegacy
0x00000000024af000 	/System/Library/Frameworks/ApplicationServices.framework/Versions/A/Frameworks/HIServices.framework/Versions/A/HIServices
0x00000000024af000 	/System/Library/Frameworks/ApplicationServices.framework/Versions/A/Frameworks/LangAnalysis.framework/Versions/A/LangAnalysis
0x00000000024af000 	/System/Library/Frameworks/ApplicationServices.framework/Versions/A/Frameworks/PrintCore.framework/Versions/A/PrintCore
0x00000000024af000 	/System/Library/Frameworks/ApplicationServices.framework/Versions/A/Frameworks/QD.framework/Versions/A/QD
0x00000000024af000 	/System/Library/Frameworks/ApplicationServices.framework/Versions/A/Frameworks/SpeechSynthesis.framework/Versions/A/SpeechSynthesis
0x00000000024af000 	/usr/lib/libcompression.dylib
0x00000000024af000 	/System/Library/Frameworks/CoreDisplay.framework/Versions/A/CoreDisplay
0x00000000024af000 	/System/Library/Frameworks/MetalPerformanceShaders.framework/Versions/A/MetalPerformanceShaders
0x00000000024af000 	/System/Library/Frameworks/Accelerate.framework/Versions/A/Frameworks/vImage.framework/Versions/A/vImage
0x00000000024af000 	/System/Library/Frameworks/Accelerate.framework/Versions/A/Frameworks/vecLib.framework/Versions/A/vecLib
0x00000000024af000 	/System/Library/Frameworks/Accelerate.framework/Versions/A/Frameworks/vecLib.framework/Versions/A/libvMisc.dylib
0x00000000024af000 	/System/Library/Frameworks/Accelerate.framework/Versions/A/Frameworks/vecLib.framework/Versions/A/libvDSP.dylib
0x00000000024af000 	/System/Library/Frameworks/Accelerate.framework/Versions/A/Frameworks/vecLib.framework/Versions/A/libBLAS.dylib
0x00000000024af000 	/System/Library/Frameworks/Accelerate.framework/Versions/A/Frameworks/vecLib.framework/Versions/A/libLAPACK.dylib
0x00000000024af000 	/System/Library/Frameworks/Accelerate.framework/Versions/A/Frameworks/vecLib.framework/Versions/A/libLinearAlgebra.dylib
0x00000000024af000 	/System/Library/Frameworks/Accelerate.framework/Versions/A/Frameworks/vecLib.framework/Versions/A/libSparseBLAS.dylib
0x00000000024af000 	/System/Library/Frameworks/Accelerate.framework/Versions/A/Frameworks/vecLib.framework/Versions/A/libQuadrature.dylib
0x00000000024af000 	/System/Library/Frameworks/Accelerate.framework/Versions/A/Frameworks/vecLib.framework/Versions/A/libBNNS.dylib
0x00000000024af000 	/System/Library/Frameworks/Accelerate.framework/Versions/A/Frameworks/vecLib.framework/Versions/A/libSparse.dylib
0x00000000024af000 	/System/Library/PrivateFrameworks/GPUWrangler.framework/Versions/A/GPUWrangler
0x00000000024af000 	/System/Library/PrivateFrameworks/IOAccelerator.framework/Versions/A/IOAccelerator
0x00000000024af000 	/System/Library/PrivateFrameworks/IOPresentment.framework/Versions/A/IOPresentment
0x00000000024af000 	/System/Library/PrivateFrameworks/DSExternalDisplay.framework/Versions/A/DSExternalDisplay
0x00000000024af000 	/System/Library/Frameworks/OpenGL.framework/Versions/A/Libraries/libCoreFSCache.dylib
0x00000000024af000 	/System/Library/Frameworks/MetalPerformanceShaders.framework/Frameworks/MPSCore.framework/Versions/A/MPSCore
0x00000000024af000 	/System/Library/Frameworks/MetalPerformanceShaders.framework/Frameworks/MPSImage.framework/Versions/A/MPSImage
0x00000000024af000 	/System/Library/Frameworks/MetalPerformanceShaders.framework/Frameworks/MPSNeuralNetwork.framework/Versions/A/MPSNeuralNetwork
0x00000000024af000 	/System/Library/Frameworks/MetalPerformanceShaders.framework/Frameworks/MPSMatrix.framework/Versions/A/MPSMatrix
0x00000000024af000 	/System/Library/Frameworks/MetalPerformanceShaders.framework/Frameworks/MPSRayIntersector.framework/Versions/A/MPSRayIntersector
0x00000000024af000 	/System/Library/PrivateFrameworks/MetalTools.framework/Versions/A/MetalTools
0x00000000024af000 	/System/Library/PrivateFrameworks/AggregateDictionary.framework/Versions/A/AggregateDictionary
0x00000000024af000 	/usr/lib/libMobileGestalt.dylib
0x00000000024af000 	/System/Library/Frameworks/CoreVideo.framework/Versions/A/CoreVideo
0x00000000024af000 	/System/Library/PrivateFrameworks/GraphVisualizer.framework/Versions/A/GraphVisualizer
0x00000000024af000 	/System/Library/PrivateFrameworks/FaceCore.framework/Versions/A/FaceCore
0x00000000024af000 	/System/Library/Frameworks/OpenCL.framework/Versions/A/OpenCL
0x00000000024af000 	/usr/lib/libFosl_dynamic.dylib
0x00000000024af000 	/System/Library/PrivateFrameworks/OTSVG.framework/Versions/A/OTSVG
0x00000000024af000 	/System/Library/Frameworks/ApplicationServices.framework/Versions/A/Frameworks/ATS.framework/Versions/A/Resources/libFontParser.dylib
0x00000000024af000 	/System/Library/Frameworks/ApplicationServices.framework/Versions/A/Frameworks/ATS.framework/Versions/A/Resources/libFontRegistry.dylib
0x00000000024af000 	/System/Library/Frameworks/ImageIO.framework/Versions/A/Resources/libJPEG.dylib
0x00000000024af000 	/System/Library/Frameworks/ImageIO.framework/Versions/A/Resources/libTIFF.dylib
0x00000000024af000 	/System/Library/Frameworks/ImageIO.framework/Versions/A/Resources/libPng.dylib
0x00000000024af000 	/System/Library/Frameworks/ImageIO.framework/Versions/A/Resources/libGIF.dylib
0x00000000024af000 	/System/Library/Frameworks/ImageIO.framework/Versions/A/Resources/libJP2.dylib
0x00000000024af000 	/System/Library/Frameworks/ImageIO.framework/Versions/A/Resources/libRadiance.dylib
0x00000000024af000 	/System/Library/PrivateFrameworks/AppleJPEG.framework/Versions/A/AppleJPEG
0x00000000024af000 	/System/Library/Frameworks/OpenGL.framework/Versions/A/Libraries/libGFXShared.dylib
0x00000000024af000 	/System/Library/Frameworks/OpenGL.framework/Versions/A/Libraries/libGLU.dylib
0x00000000024af000 	/System/Library/Frameworks/OpenGL.framework/Versions/A/Libraries/libGL.dylib
0x00000000024af000 	/System/Library/Frameworks/OpenGL.framework/Versions/A/Libraries/libGLImage.dylib
0x00000000024af000 	/System/Library/Frameworks/OpenGL.framework/Versions/A/Libraries/libCVMSPluginSupport.dylib
0x00000000024af000 	/System/Library/Frameworks/OpenGL.framework/Versions/A/Libraries/libCoreVMClient.dylib
0x00000000024af000 	/usr/lib/libcups.2.dylib
0x00000000024af000 	/System/Library/Frameworks/Kerberos.framework/Versions/A/Kerberos
0x00000000024af000 	/System/Library/Frameworks/GSS.framework/Versions/A/GSS
0x00000000024af000 	/usr/lib/libresolv.9.dylib
0x00000000024af000 	/usr/lib/libiconv.2.dylib
0x00000000024af000 	/System/Library/PrivateFrameworks/Heimdal.framework/Versions/A/Heimdal
0x00000000024af000 	/usr/lib/libheimdal-asn1.dylib
0x00000000024af000 	/System/Library/Frameworks/OpenDirectory.framework/Versions/A/OpenDirectory
0x00000000024af000 	/System/Library/PrivateFrameworks/CommonAuth.framework/Versions/A/CommonAuth
0x00000000024af000 	/System/Library/Frameworks/OpenDirectory.framework/Versions/A/Frameworks/CFOpenDirectory.framework/Versions/A/CFOpenDirectory
0x00000000024af000 	/System/Library/Frameworks/SecurityFoundation.framework/Versions/A/SecurityFoundation
0x00000000024af000 	/System/Library/PrivateFrameworks/APFS.framework/Versions/A/APFS
0x00000000024af000 	/usr/lib/libutil.dylib
0x00000000024af000 	/usr/lib/libcharset.1.dylib
0x00000000024af000 	/System/Library/PrivateFrameworks/AppleSauce.framework/Versions/A/AppleSauce
0x00000000024af000 	/System/Library/PrivateFrameworks/AssertionServices.framework/Versions/A/AssertionServices
0x00000000024af000 	/System/Library/PrivateFrameworks/BaseBoard.framework/Versions/A/BaseBoard
0x00000000024af000 	/usr/lib/libmecab.1.0.0.dylib
0x00000000024af000 	/usr/lib/libgermantok.dylib
0x00000000024af000 	/usr/lib/libThaiTokenizer.dylib
0x00000000024af000 	/usr/lib/libChineseTokenizer.dylib
0x00000000024af000 	/System/Library/PrivateFrameworks/LanguageModeling.framework/Versions/A/LanguageModeling
0x00000000024af000 	/System/Library/PrivateFrameworks/CoreEmoji.framework/Versions/A/CoreEmoji
0x00000000024af000 	/System/Library/PrivateFrameworks/Lexicon.framework/Versions/A/Lexicon
0x00000000024af000 	/System/Library/PrivateFrameworks/LinguisticData.framework/Versions/A/LinguisticData
0x00000000024af000 	/usr/lib/libcmph.dylib
0x00000000024af000 	/System/Library/Frameworks/ServiceManagement.framework/Versions/A/ServiceManagement
0x00000000024af000 	/System/Library/PrivateFrameworks/BackgroundTaskManagement.framework/Versions/A/BackgroundTaskManagement
0x00000000024af000 	/usr/lib/libxslt.1.dylib
0x00000000024af000 	/System/Library/Frameworks/Carbon.framework/Versions/A/Frameworks/Ink.framework/Versions/A/Ink
0x00000000024af000 	/System/Library/PrivateFrameworks/TextureIO.framework/Versions/A/TextureIO
0x00000000024af000 	/usr/lib/libate.dylib
0x00000000024af000 	/System/Library/PrivateFrameworks/CrashReporterSupport.framework/Versions/A/CrashReporterSupport
0x00000000024af000 	/System/Library/PrivateFrameworks/Sharing.framework/Versions/A/Sharing
0x00000000024af000 	/System/Library/PrivateFrameworks/AuthKit.framework/Versions/A/AuthKit
0x00000000024af000 	/System/Library/PrivateFrameworks/Apple80211.framework/Versions/A/Apple80211
0x00000000024af000 	/System/Library/PrivateFrameworks/CoreUtils.framework/Versions/A/CoreUtils
0x00000000024af000 	/System/Library/Frameworks/CoreWLAN.framework/Versions/A/CoreWLAN
0x00000000024af000 	/System/Library/Frameworks/IOBluetooth.framework/Versions/A/IOBluetooth
0x00000000024af000 	/System/Library/PrivateFrameworks/ProtocolBuffer.framework/Versions/A/ProtocolBuffer
0x00000000024af000 	/System/Library/PrivateFrameworks/MobileKeyBag.framework/Versions/A/MobileKeyBag
0x00000000024af000 	/System/Library/PrivateFrameworks/CorePhoneNumbers.framework/Versions/A/CorePhoneNumbers
0x00000000024af000 	/System/Library/PrivateFrameworks/AppleIDAuthSupport.framework/Versions/A/AppleIDAuthSupport
0x00000000024af000 	/System/Library/PrivateFrameworks/KeychainCircle.framework/Versions/A/KeychainCircle
0x00000000024af000 	/System/Library/PrivateFrameworks/ROCKit.framework/Versions/A/ROCKit
0x00000000024af000 	/System/Library/PrivateFrameworks/CoreWiFi.framework/Versions/A/CoreWiFi
0x00000000024af000 	/System/Library/Frameworks/CoreBluetooth.framework/Versions/A/CoreBluetooth
0x00000000024af000 	/System/Library/PrivateFrameworks/DebugSymbols.framework/Versions/A/DebugSymbols
0x00000000024af000 	/System/Library/PrivateFrameworks/CoreSymbolication.framework/Versions/A/CoreSymbolication
0x00000000024af000 	/System/Library/PrivateFrameworks/Symbolication.framework/Versions/A/Symbolication
0x00000000024af000 	/System/Library/PrivateFrameworks/SpeechRecognitionCore.framework/Versions/A/SpeechRecognitionCore
0x000000010de00000 	/Library/Java/JavaVirtualMachines/jdk1.8.0_112.jdk/Contents/Home/jre/lib/server/libjvm.dylib
0x00000000024af000 	/usr/lib/libstdc++.6.dylib
0x000000010cd3d000 	/Library/Java/JavaVirtualMachines/jdk1.8.0_112.jdk/Contents/Home/jre/lib/libverify.dylib
0x000000010cd4b000 	/Library/Java/JavaVirtualMachines/jdk1.8.0_112.jdk/Contents/Home/jre/lib/libjava.dylib
0x000000010cd81000 	/Library/Java/JavaVirtualMachines/jdk1.8.0_112.jdk/Contents/Home/jre/lib/libinstrument.dylib
0x000000010cddf000 	/Library/Java/JavaVirtualMachines/jdk1.8.0_112.jdk/Contents/Home/jre/lib/libzip.dylib
0x00000000024af000 	/System/Library/Frameworks/JavaVM.framework/Versions/A/Frameworks/JavaRuntimeSupport.framework/Versions/A/JavaRuntimeSupport
0x00000000024af000 	/System/Library/Frameworks/JavaVM.framework/Versions/A/Frameworks/JavaNativeFoundation.framework/Versions/A/JavaNativeFoundation
0x00000000024af000 	/System/Library/Frameworks/JavaVM.framework/Versions/A/JavaVM
0x00000000024af000 	/System/Library/Frameworks/Carbon.framework/Versions/A/Carbon
0x00000000024af000 	/System/Library/PrivateFrameworks/JavaLaunching.framework/Versions/A/JavaLaunching
0x00000000024af000 	/System/Library/Frameworks/Carbon.framework/Versions/A/Frameworks/CommonPanels.framework/Versions/A/CommonPanels
0x00000000024af000 	/System/Library/Frameworks/Carbon.framework/Versions/A/Frameworks/Help.framework/Versions/A/Help
0x00000000024af000 	/System/Library/Frameworks/Carbon.framework/Versions/A/Frameworks/ImageCapture.framework/Versions/A/ImageCapture
0x00000000024af000 	/System/Library/Frameworks/Carbon.framework/Versions/A/Frameworks/OpenScripting.framework/Versions/A/OpenScripting
0x00000000024af000 	/System/Library/Frameworks/Carbon.framework/Versions/A/Frameworks/Print.framework/Versions/A/Print
0x00000000024af000 	/System/Library/Frameworks/Carbon.framework/Versions/A/Frameworks/SecurityHI.framework/Versions/A/SecurityHI
0x000000012ba8b000 	/Library/Java/JavaVirtualMachines/jdk1.8.0_112.jdk/Contents/Home/jre/lib/libprism_es2.dylib
0x00000000024af000 	/System/Library/PrivateFrameworks/CoreServicesInternal.framework/Versions/A/CoreServicesInternal
0x00000000024af000 	/System/Library/Frameworks/OpenGL.framework/Versions/A/Resources/GLEngine.bundle/GLEngine
0x00000000024af000 	/System/Library/Frameworks/OpenGL.framework/Versions/A/Libraries/libGLProgrammability.dylib
0x00000000024af000 	/System/Library/Extensions/AppleIntelHD4000GraphicsGLDriver.bundle/Contents/MacOS/AppleIntelHD4000GraphicsGLDriver
0x00000000024af000 	/System/Library/PrivateFrameworks/GPUSupport.framework/Versions/A/Libraries/libGPUSupportMercury.dylib
0x00000000024af000 	/System/Library/Extensions/GeForceGLDriver.bundle/Contents/MacOS/GeForceGLDriver
0x00000000024af000 	/System/Library/Extensions/GeForceGLDriver.bundle/Contents/MacOS/libclh.dylib
0x00000000024af000 	/System/Library/Frameworks/OpenGL.framework/Versions/A/Resources/GLRendererFloat.bundle/GLRendererFloat
0x00000000024af000 	/System/Library/Frameworks/OpenCL.framework/Versions/A/Libraries/libcldcpuengine.dylib
0x00000000024af000 	/usr/lib/libcrypto.35.dylib
0x00000000024af000 	/System/Library/PrivateFrameworks/TrustEvaluationAgent.framework/Versions/A/TrustEvaluationAgent
0x000000012c601000 	/Library/Java/JavaVirtualMachines/jdk1.8.0_112.jdk/Contents/Home/jre/lib/libglass.dylib
0x00000000024af000 	/System/Library/CoreServices/RawCamera.bundle/Contents/MacOS/RawCamera
0x00000000024af000 	/System/Library/PrivateFrameworks/MobileAsset.framework/Versions/A/MobileAsset
0x00000000024af000 	/System/Library/PrivateFrameworks/StreamingZip.framework/Versions/A/StreamingZip
0x00000000024af000 	/System/Library/Frameworks/MediaToolbox.framework/Versions/A/MediaToolbox
0x00000000024af000 	/System/Library/PrivateFrameworks/CoreAVCHD.framework/Versions/A/CoreAVCHD
0x00000000024af000 	/System/Library/Frameworks/MediaAccessibility.framework/Versions/A/MediaAccessibility
0x00000000024af000 	/System/Library/PrivateFrameworks/Mangrove.framework/Versions/A/Mangrove
0x00000000024af000 	/System/Library/Frameworks/CoreMedia.framework/Versions/A/CoreMedia
0x00000000024af000 	/System/Library/Frameworks/VideoToolbox.framework/Versions/A/VideoToolbox
0x00000000024af000 	/System/Library/PrivateFrameworks/CoreAUC.framework/Versions/A/CoreAUC
0x00000000024af000 	/usr/lib/libspindump.dylib
0x00000000024af000 	/System/Library/PrivateFrameworks/AppleVA.framework/Versions/A/AppleVA
0x00000000024af000 	/System/Library/Frameworks/Accelerate.framework/Versions/A/Frameworks/vImage.framework/Versions/A/Libraries/libCGInterfaces.dylib
0x00000000024af000 	/System/Library/PrivateFrameworks/FamilyControls.framework/Versions/A/FamilyControls
0x00000000024af000 	/System/Library/PrivateFrameworks/CommerceKit.framework/Versions/A/Frameworks/CommerceCore.framework/Versions/A/CommerceCore
0x00000000024af000 	/System/Library/PrivateFrameworks/SystemAdministration.framework/Versions/A/SystemAdministration
0x00000000024af000 	/System/Library/PrivateFrameworks/AppContainer.framework/Versions/A/AppContainer
0x00000000024af000 	/System/Library/PrivateFrameworks/AppSandbox.framework/Versions/A/AppSandbox
0x00000000024af000 	/System/Library/PrivateFrameworks/SecCodeWrapper.framework/Versions/A/SecCodeWrapper
0x00000000024af000 	/usr/lib/libsandbox.1.dylib
0x00000000024af000 	/usr/lib/libMatch.1.dylib
0x00000000024af000 	/System/Library/PrivateFrameworks/DiskManagement.framework/Versions/A/DiskManagement
0x00000000024af000 	/System/Library/Frameworks/DirectoryService.framework/Versions/A/DirectoryService
0x00000000024af000 	/System/Library/PrivateFrameworks/DiskImages.framework/Versions/A/DiskImages
0x00000000024af000 	/System/Library/PrivateFrameworks/LoginUIKit.framework/Versions/A/Frameworks/LoginUICore.framework/Versions/A/LoginUICore
0x00000000024af000 	/usr/lib/libCoreStorage.dylib
0x00000000024af000 	/usr/lib/libcsfde.dylib
0x00000000024af000 	/usr/lib/libodfde.dylib
0x00000000024af000 	/System/Library/PrivateFrameworks/MediaKit.framework/Versions/A/MediaKit
0x00000000024af000 	/System/Library/Frameworks/DiscRecording.framework/Versions/A/DiscRecording
0x00000000024af000 	/System/Library/PrivateFrameworks/EFILogin.framework/Versions/A/EFILogin
0x00000000024af000 	/System/Library/PrivateFrameworks/ProtectedCloudStorage.framework/Versions/A/ProtectedCloudStorage
0x00000000024af000 	/usr/lib/libcurl.4.dylib
0x00000000024af000 	/usr/lib/libcrypto.42.dylib
0x00000000024af000 	/usr/lib/libssl.44.dylib
0x00000000024af000 	/System/Library/Frameworks/LDAP.framework/Versions/A/LDAP
0x00000000024af000 	/usr/lib/libsasl2.2.dylib
0x00000000024af000 	/System/Library/PrivateFrameworks/CoreDaemon.framework/Versions/B/CoreDaemon
0x00000000024af000 	/System/Library/PrivateFrameworks/AppleSRP.framework/Versions/A/AppleSRP
0x00000000024af000 	/System/Library/PrivateFrameworks/ViewBridge.framework/Versions/A/ViewBridge
0x000000012f017000 	/Library/Java/JavaVirtualMachines/jdk1.8.0_112.jdk/Contents/Home/jre/lib/libosx.dylib
0x000000012f025000 	/Library/Java/JavaVirtualMachines/jdk1.8.0_112.jdk/Contents/Home/jre/lib/./libosxapp.dylib
0x00000000024af000 	/System/Library/Frameworks/ExceptionHandling.framework/Versions/A/ExceptionHandling
0x000000012f05d000 	/Library/Java/JavaVirtualMachines/jdk1.8.0_112.jdk/Contents/Home/jre/lib/libjavafx_font.dylib
0x00000000024af000 	/System/Library/Frameworks/ApplicationServices.framework/Versions/A/Frameworks/ATS.framework/Versions/A/Resources/libTrueTypeScaler.dylib
0x000000012f21e000 	/usr/lib/libobjc-trampolines.dylib
0x0000000132baf000 	/Library/Java/JavaVirtualMachines/jdk1.8.0_112.jdk/Contents/Home/jre/lib/libjfxwebkit.dylib
0x00000001347cc000 	/Library/Java/JavaVirtualMachines/jdk1.8.0_112.jdk/Contents/Home/jre/lib/libnet.dylib
0x0000000130a45000 	/Library/Java/JavaVirtualMachines/jdk1.8.0_112.jdk/Contents/Home/jre/lib/libnio.dylib
0x00000000024af000 	/System/Library/Extensions/AppleIntelHD4000GraphicsMTLDriver.bundle/Contents/MacOS/AppleIntelHD4000GraphicsMTLDriver
0x00000000024af000 	/System/Library/Extensions/GeForceMTLDriver.bundle/Contents/MacOS/GeForceMTLDriver
0x00000000024af000 	/System/Library/PrivateFrameworks/GPUCompiler.framework/Versions/3902/Libraries/libmetal_timestamp.dylib
0x000000012d6a2000 	/Library/Java/JavaVirtualMachines/jdk1.8.0_112.jdk/Contents/Home/jre/lib/libsunec.dylib
0x000000012d6ca000 	/Library/Java/JavaVirtualMachines/jdk1.8.0_112.jdk/Contents/Home/jre/lib/libprism_common.dylib

VM Arguments:
jvm_args: -javaagent:/Users/antonepple/Entwicklung/Eppleton/Eppletinder/client/target/springloaded.jar -Xverify:none -Dbrowser.rootdir=/Users/antonepple/Entwicklung/Eppleton/Eppletinder/client/src/main/webapp/ -Dnetbeans.inspect.port=53182 -Ddebug=false 
java_command: de.eppleton.tinder.Main
java_class_path (initial): /Users/antonepple/Entwicklung/Eppleton/Eppletinder/client/target/classes:/Users/antonepple/.m2/repository/org/netbeans/html/net.java.html/1.5.1/net.java.html-1.5.1.jar:/Users/antonepple/.m2/repository/org/netbeans/html/net.java.html.json/1.5.1/net.java.html.json-1.5.1.jar:/Users/antonepple/.m2/repository/org/netbeans/html/net.java.html.boot/1.5.1/net.java.html.boot-1.5.1.jar:/Users/antonepple/.m2/repository/org/netbeans/html/net.java.html.sound/1.5.1/net.java.html.sound-1.5.1.jar:/Users/antonepple/.m2/repository/org/netbeans/html/ko4j/1.5.1/ko4j-1.5.1.jar:/Users/antonepple/.m2/repository/de/eppleton/Eppletinder-js/1.0-SNAPSHOT/Eppletinder-js-1.0-SNAPSHOT.jar:/Users/antonepple/.m2/repository/org/netbeans/html/net.java.html.boot.fx/1.5.1/net.java.html.boot.fx-1.5.1.jar:/Users/antonepple/.m2/repository/org/openjfx/javafx-web/11/javafx-web-11.jar:/Users/antonepple/.m2/repository/org/openjfx/javafx-web/11/javafx-web-11-mac.jar:/Users/antonepple/.m2/repository/org/openjfx/javafx-controls/11/javafx-controls-11.jar:/Users/antonepple/.m2/repository/org/openjfx/javafx-controls/11/javafx-controls-11-mac.jar:/Users/antonepple/.m2/repository/org/openjfx/javafx-graphics/11/javafx-graphics-11.jar:/Users/antonepple/.m2/repository/org/openjfx/javafx-graphics/11/javafx-graphics-11-mac.jar:/Users/antonepple/.m2/repository/org/openjfx/javafx-base/11/javafx-base-11.jar:/Users/antonepple/.m2/repository/org/openjfx/javafx-base/11/javafx-base-11-mac.jar:/Users/antonepple/.m2/repository/org/openjfx/javafx-media/11/javafx-media-11.jar:/Users/antonepple/.m2/repository/org/openjfx/javafx-media/11/javafx-media-11-mac.jar:/Users/antonepple/Entwicklung/Eppleton/Eppletinder/client/target/springloaded.jar
Launcher Type: SUN_STANDARD

Environment Variables:
JAVA_HOME=/Library/Java/JavaVirtualMachines/jdk1.8.0_112.jdk/Contents/Home
PATH=/usr/bin:/bin:/usr/sbin:/sbin
SHELL=/bin/bash

Signal Handlers:
SIGSEGV: [libjvm.dylib+0x5b11a5], sa_mask[0]=11111111011111110111111111111111, sa_flags=SA_ONSTACK|SA_RESTART|SA_SIGINFO
SIGBUS: [libjvm.dylib+0x5b11a5], sa_mask[0]=11111111011111110111111111111111, sa_flags=SA_RESTART|SA_SIGINFO
SIGFPE: [libjvm.dylib+0x487dc0], sa_mask[0]=11111111011111110111111111111111, sa_flags=SA_RESTART|SA_SIGINFO
SIGPIPE: [libjvm.dylib+0x487dc0], sa_mask[0]=11111111011111110111111111111111, sa_flags=SA_RESTART|SA_SIGINFO
SIGXFSZ: [libjvm.dylib+0x487dc0], sa_mask[0]=11111111011111110111111111111111, sa_flags=SA_RESTART|SA_SIGINFO
SIGILL: [libjvm.dylib+0x487dc0], sa_mask[0]=11111111011111110111111111111111, sa_flags=SA_RESTART|SA_SIGINFO
SIGUSR1: SIG_DFL, sa_mask[0]=00000000000000000000000000000000, sa_flags=none
SIGUSR2: [libjvm.dylib+0x4878de], sa_mask[0]=00100000000000000000000000000000, sa_flags=SA_RESTART|SA_SIGINFO
SIGHUP: [libjvm.dylib+0x485eb5], sa_mask[0]=11111111011111110111111111111111, sa_flags=SA_RESTART|SA_SIGINFO
SIGINT: SIG_IGN, sa_mask[0]=00000000000000000000000000000000, sa_flags=none
SIGTERM: [libjvm.dylib+0x485eb5], sa_mask[0]=11111111011111110111111111111111, sa_flags=SA_RESTART|SA_SIGINFO
SIGQUIT: [libjvm.dylib+0x485eb5], sa_mask[0]=11111111011111110111111111111111, sa_flags=SA_RESTART|SA_SIGINFO


---------------  S Y S T E M  ---------------

OS:Bsduname:Darwin 18.0.0 Darwin Kernel Version 18.0.0: Wed Aug 22 20:13:40 PDT 2018; root:xnu-4903.201.2~1/RELEASE_X86_64 x86_64
rlimit: STACK 8192k, CORE 0k, NPROC 1418, NOFILE 10240, AS infinity
load average:2.35 2.26 2.32

CPU:total 8 (4 cores per cpu, 2 threads per core) family 6 model 58 stepping 9, cmov, cx8, fxsr, mmx, sse, sse2, sse3, ssse3, sse4.1, sse4.2, popcnt, avx, aes, clmul, erms, ht, tsc, tscinvbit, tscinv

Memory: 4k page, physical 16777216k(4126696k free)

/proc/meminfo:


vm_info: Java HotSpot(TM) 64-Bit Server VM (25.112-b16) for bsd-amd64 JRE (1.8.0_112-b16), built on Sep 30 2016 22:41:41 by "java_re" with gcc 4.2.1 (Based on Apple Inc. build 5658) (LLVM build 2336.11.00)

time: Sun Feb 17 08:23:58 2019
elapsed time: 5 seconds (0d 0h 0m 5s)

